<?xml version="1.0" encoding="UTF-8"?>
<!-- Generated by org.testng.reporters.JUnitReportReporter -->
<testsuite hostname="LoadRunner" name="br.rubens.VerifyWebComLogin" tests="1" failures="0" timestamp="15 Jun 2016 20:46:20 GMT" time="1.476" errors="0">
  <testcase name="VerifyValidLogin" time="1.476" classname="br.rubens.VerifyWebComLogin"/>
</testsuite> <!-- br.rubens.VerifyWebComLogin -->
