<?xml version="1.0" encoding="UTF-8"?>
<!-- Generated by org.testng.reporters.JUnitReportReporter -->
<testsuite hostname="LoadRunner" name="br.rubens.teste.VerifyWebComCadastroCliente" tests="1" failures="0" timestamp="16 Jun 2016 18:24:07 GMT" time="20.697" errors="0">
  <testcase name="VerifyValidCadastroCliente" time="20.697" classname="br.rubens.teste.VerifyWebComCadastroCliente"/>
</testsuite> <!-- br.rubens.teste.VerifyWebComCadastroCliente -->
