<?xml version="1.0" encoding="UTF-8"?>
<!-- Generated by org.testng.reporters.JUnitReportReporter -->
<testsuite hostname="LoadRunner" name="br.rubens.teste.VerifyWebComLogin" tests="1" failures="0" timestamp="16 Jun 2016 18:24:07 GMT" time="2.682" errors="0">
  <testcase name="VerifyValidLogin" time="2.682" classname="br.rubens.teste.VerifyWebComLogin"/>
</testsuite> <!-- br.rubens.teste.VerifyWebComLogin -->
