<?xml version="1.0" encoding="UTF-8"?>
<!-- Generated by org.testng.reporters.JUnitReportReporter -->
<testsuite hostname="LoadRunner" name="br.rubens.teste.VerifyWebComLogin" tests="1" failures="0" timestamp="19 Jul 2016 21:46:04 GMT" time="0.952" errors="0">
  <testcase name="VerifyValidLogin" time="0.952" classname="br.rubens.teste.VerifyWebComLogin"/>
</testsuite> <!-- br.rubens.teste.VerifyWebComLogin -->
